[0.048s] Invoking command in '/home/issatay/Desktop/unitree_ws/build/unitree_go': CMAKE_PREFIX_PATH=${CMAKE_PREFIX_PATH}:/home/issatay/Desktop/unitree_ws/install/g1_gz_spawn:/home/issatay/Desktop/unitree_ws/install/g1_bringup:/opt/ros/humble /usr/bin/cmake --build /home/issatay/Desktop/unitree_ws/build/unitree_go -- -j16 -l16
[1.701s] [  0%] Built target unitree_go__dds_connext_idl
[1.701s] [  0%] Built target unitree_go__cpp
[1.701s] [ 12%] Built target unitree_go__rosidl_generator_c
[1.708s] failed to create symbolic link '/home/issatay/Desktop/unitree_ws/build/unitree_go/ament_cmake_python/unitree_go/unitree_go' because existing path cannot be removed: Is a directory
[1.709s] gmake[2]: *** [CMakeFiles/ament_cmake_python_symlink_unitree_go.dir/build.make:70: CMakeFiles/ament_cmake_python_symlink_unitree_go] Error 1
[1.709s] gmake[1]: *** [CMakeFiles/Makefile2:423: CMakeFiles/ament_cmake_python_symlink_unitree_go.dir/all] Error 2
[1.709s] gmake[1]: *** Waiting for unfinished jobs....
[1.709s] gmake: *** [Makefile:146: all] Error 2
[1.773s] Invoked command in '/home/issatay/Desktop/unitree_ws/build/unitree_go' returned '2': CMAKE_PREFIX_PATH=${CMAKE_PREFIX_PATH}:/home/issatay/Desktop/unitree_ws/install/g1_gz_spawn:/home/issatay/Desktop/unitree_ws/install/g1_bringup:/opt/ros/humble /usr/bin/cmake --build /home/issatay/Desktop/unitree_ws/build/unitree_go -- -j16 -l16
