[0.047s] Invoking command in '/home/issatay/Desktop/unitree_ws/build/unitree_hg': CMAKE_PREFIX_PATH=${CMAKE_PREFIX_PATH}:/home/issatay/Desktop/unitree_ws/install/g1_gz_spawn:/home/issatay/Desktop/unitree_ws/install/g1_bringup:/opt/ros/humble /usr/bin/cmake --build /home/issatay/Desktop/unitree_ws/build/unitree_hg -- -j16 -l16
[1.705s] [  1%] Built target unitree_hg__dds_connext_idl
[1.705s] [  1%] Built target unitree_hg__cpp
[1.706s] [ 13%] Built target unitree_hg__rosidl_generator_c
[1.707s] failed to create symbolic link '/home/issatay/Desktop/unitree_ws/build/unitree_hg/ament_cmake_python/unitree_hg/unitree_hg' because existing path cannot be removed: Is a directory
[1.707s] gmake[2]: *** [CMakeFiles/ament_cmake_python_symlink_unitree_hg.dir/build.make:70: CMakeFiles/ament_cmake_python_symlink_unitree_hg] Error 1
[1.707s] gmake[1]: *** [CMakeFiles/Makefile2:423: CMakeFiles/ament_cmake_python_symlink_unitree_hg.dir/all] Error 2
[1.707s] gmake[1]: *** Waiting for unfinished jobs....
[1.707s] gmake: *** [Makefile:146: all] Error 2
[1.718s] Invoked command in '/home/issatay/Desktop/unitree_ws/build/unitree_hg' returned '2': CMAKE_PREFIX_PATH=${CMAKE_PREFIX_PATH}:/home/issatay/Desktop/unitree_ws/install/g1_gz_spawn:/home/issatay/Desktop/unitree_ws/install/g1_bringup:/opt/ros/humble /usr/bin/cmake --build /home/issatay/Desktop/unitree_ws/build/unitree_hg -- -j16 -l16
